\0xffIN ISR.

+CMTI: "SM",5

+CMTI: "SM",5

IN ISR.
\0xffSENT LOCATION REGULAR.
TRACK MODE ACTIVE.
RET FROM TM DELAIN ISR.
\0xffY.
IDX RECV:5COND IS OK, READ MSG.
BEFORE READ MSG.
READ INC MSG.
RM MSG OKSWITCHING TO WM.
IN ISR.

IN ISR.
\0xffIN ISR.
\0xffIN ISR.
\0xffSENT LOCATION REGULAR.
WATCH MODE ACTIVE.
IN ISR.


+CPIN: NOT READY

+CREG: 0
IN ISR.
/////////
Conf GSM.
PIN OK, GSM OK.
IN ISR.
,1

OK
MESSAGES CONFIGURED.
Conf GPRS.
SET APN.
IN ISR.
\0xffGPRS UP.
IN ISR.

IN ISR.
\0xffIN ISR.
\0xffIN ISR.
\0xffSENT LOCATION REGULAR.
TRACK MODE ACTIVE.
IN ISR.
\0xffIN ISR.

RING

+CLIP: "+79655766572",145,"",,"",0
INC CALL FROM OWNER.
IN ISR.
AT+CLIP=1

RING

+CLIP: "+79655766572",145,"",,"",0

NO CAINC CALL FROM OWNER.
IN ISR.
AT+CLIP=1
IN ISR.

+CMTI: "SM",1

+CMTI: "SM",1

IN ISR.
\0xffRET FROM TM DELAY.
IDX RECV:1COND IS OK, READ MSG.
BEFORE READ MSG.
IN ISR.
\0xffERR READ MSG.0
NO CMD.
SENT LOCATION IMMEDIATLY AFTER RING.
IN ISR.
\0xffIN ISR.
\0xffIN ISR.
\0xffIN ISR.
\0xffSENT LOCATION REGULAR.
TRACK MODE ACTIVE.
IN ISR.
\0xffIN ISR.
\0xffIN ISR.
\0xffIN ISR.
\0xffIN ISR.
\0xffIN ISR.
\0xffIN ISR.
\0xffIN ISR.
\0xffIN ISR.
\0xffIN ISR.
\0xffIN ISR.
\0xffIN ISR.
\0xffIN ISR.
\0xffIN ISR.
\0xffSENT LOCATION REGULAR.
TRACK MODE ACTIVE.
IN ISR.
\0xffIN ISR.
\0xffIN ISR.
\0xffIN ISR.
\0xffIN ISR.
\0xffIN ISR.
