Conf GSM.
PIN OK, GSM OK.
IN ISR.
,1

OK
Conf GPRS.
SET APN.
IN ISR.
IN ISR.
ÿGPRS UP.
SMS GETTING INDEX.

SMS IDX: 0SMS FROM: 
SMS READ NEW.
IDX RECV:0
NO SMS IDX.
AFTER SEND LOCATION.
TRACK MODE ACTIVE.
IN ISR.
IN ISR.

IN ISR.
IN ISR.
AT+CBC

+CBC: 0,98,4182

OK
IN ISR.
IN ISR.
AT+CBC

+CBC: 0,98,4182

OK
IN ISR.
IN ISR.
AT+CBC

+CBC: 0,98,4182

OK
IN ISR.
IN ISR.
AT+CBC

+CBC: 0,98,4182

OK
SMS GETTING INDEX.

SMS IDX: 0SMS FROM: 
SMS READ NEW.
IDX RECV:0
NO SMS IDX.
AFTER SEND LOCATION.
TRACK MODE ACTIVE.
IN ISR.
IN ISR.

IN ISR.
IN ISR.
AT+CBC

+CBC: 0,98,4182

OK
IN ISR.
IN ISR.
AT+CBC

+CBC: 0,98,4182

OK
IN ISR.
IN ISR.
AT+CBC

+CBC: 0,98,4175

OK
IN ISR.
IN ISR.
AT+CBC

+CBC: 0,98,4175

OK
IN ISR.
SMS GETTING INDEX.

SMS IDX: 0SMS FROM: 
SMS READ NEW.
IDX RECV:0
NO SMS IDX.
AFTER SEND LOCATION.
TRACK MODE ACTIVE.
IN ISR.

IN ISR.
IN ISR.
AT+CBC

+CBC: 0,98,4182

OK
IN ISR.
IN ISR.
AT+CBC

+CBC: 0,98,4175

OK
IN ISR.
IN ISR.
AT+CBC

+CBC: 0,98,4175

OK
IN ISR.
IN ISR.
AT+CBC

+CBC: 0,98,4182

OK
IN ISR.
SMS GETTING INDEX.

SMS IDX: 0SMS FROM: 
SMS READ NEW.
IDX RECV:0
NO SMS IDX.
AFTER SEND LOCATION.
TRACK MODE ACTIVE.
IN ISR.

IN ISR.
IN ISR.
AT+CBC

+CBC: 0,98,4175

OK
IN ISR.
IN ISR.
AT+CBC

+CBC: 0,98,4175

OK
IN ISR.
IN ISR.
AT+CBC

+CBC: 0,98,4175

OK
IN ISR.
IN ISR.
AT+CBC

+CBC: 0,98,4182

OK

+CMTI: "SM",4
IN ISR.
SMS GETTING INDEX.

SMS IDX: 4SMS FROM: "+79655766572"
SMS READ NEW.
IDX RECV:4
Conf GPRS.
IN ISR.
Conf GSM.
PIN OK, GSM OK.
IN ISR.
,1

OK
Conf GPRS.
SET APN.
IN ISR.
IN ISR.
ÿGPRS UP.
SMS GETTING INDEX.

SMS IDX: 0SMS FROM: 
SMS READ NEW.
IDX RECV:0
NO SMS IDX.
AFTER SEND LOCATION.
TRACK MODE ACTIVE.
IN ISR.
IN ISR.

IN ISR.
IN ISR.
AT+CBC

+CBC: 0,98,4175

OK
IN ISR.
IN ISR.
AT+CBC

+CBC: 0,98,4175

OK
IN ISR.
IN ISR.
AT+CBC

+CBC: 0,98,4175

OK
IN ISR.
IN ISR.
AT+CBC

+CBC: 0,98,4175

OK
SMS GETTING INDEX.

SMS IDX: 0SMS FROM: 
SMS READ NEW.
IDX RECV:0
NO SMS IDX.
AFTER SEND LOCATION.
TRACK MODE ACTIVE.
IN ISR.
IN ISR.

IN ISR.
IN ISR.
AT+CBC

+CBC: 0,98,4175

OK
IN ISR.
IN ISR.
AT+CBC

+CBC: 0,98,4175

OK
IN ISR.
IN ISR.
AT+CBC

+CBC: 0,97,4168

OK
IN ISR.
IN ISR.
AT+CBC

+CBC: 0,97,4168

OK
IN ISR.
SMS GETTING INDEX.

SMS IDX: 0SMS FROM: 
SMS READ NEW.
IDX RECV:0
NO SMS IDX.
AFTER SEND LOCATION.
TRACK MODE ACTIVE.
IN ISR.

IN ISR.
IN ISR.
AT+CBC

+CBC: 0,98,4175

OK
IN ISR.
IN ISR.
AT+CBC

+CBC: 0,98,4175

OK
IN ISR.
IN ISR.
AT+CBC

+CBC: 0,98,4175

OK
IN ISR.
IN ISR.
AT+CBC

+CBC: 0,98,4175

OK
IN ISR.
SMS GETTING INDEX.

SMS IDX: 0SMS FROM: 
SMS READ NEW.
IDX RECV:0
NO SMS IDX.
AFTER SEND LOCATION.
TRACK MODE ACTIVE.
IN ISR.

IN ISR.
IN ISR.
AT+CBC

+CBC: 0,98,4175

OK
IN ISR.
IN ISR.
AT+CBC

+CBC: 0,98,4175

OK
IN ISR.
IN ISR.
AT+CBC

+CBC: 0,98,4175

OK
IN ISR.
IN ISR.
AT+CBC

+CBC: 0,97,4168

OK
IN ISR.
SMS GETTING INDEX.

SMS IDX: 0SMS FROM: 
SMS READ NEW.
IDX RECV:0
NO SMS IDX.
AFTER SEND LOCATION.
TRACK MODE ACTIVE.
IN ISR.

IN ISR.
IN ISR.
AT+CBC

+CBC: 0,98,4175

OK
IN ISR.
IN ISR.
AT+CBC

+CBC: 0,98,4175

OK
IN ISR.
IN ISR.
AT+CBC

+CBC: 0,98,4175

OK
IN ISR.
IN ISR.
AT+CBC

+CBC: 0,97,4168

OK
IN ISR.
SMS GETTING INDEX.

SMS IDX: 0SMS FROM: 
SMS READ NEW.
IDX RECV:0
NO SMS IDX.
IN ISR.

IN ISR.
IN ISR.
AT+CBC

+CBC: 0,98,4175

OK
IN ISR.
SENT LOCATION REGULAR.AFTER SEND LOCATION.
TRACK MODE ACTIVE.
IN ISR.
AT+CBC

+CBC: 0,98,4175

OK
IN ISR.
IN ISR.
AT+CBC

+CBC: 0,98,4175

OK
IN ISR.
IN ISR.
AT+CBC

+CBC: 0,98,4175

OK
IN ISR.
IN ISR.
AT+CBC

+CBC: 0,97,4168

OK
IN ISR.
IN ISR.
AT+CBC

+CBC: 0,97,4168

OK
IN ISR.
SMS GETTING INDEX.

SMS IDX: 0SMS FROM: 
SMS READ NEW.
IDX RECV:0
NO SMS IDX.
AFTER SEND LOCATION.
TRACK MODE ACTIVE.
IN ISR.

IN ISR.
IN ISR.
AT+CBC

+CBC: 0,98,4175

OK
IN ISR.
IN ISR.
AT+CBC

+CBC: 0,98,4175

OK
IN ISR.
IN ISR.
AT+CBC

+CBC: 0,98,4175

OK
IN ISR.
IN ISR.
AT+CBC

+CBC: 0,98,4175

OK
IN ISR.
SMS GETTING INDEX.
IN ISR.


SMS IDX: 0SMS FROM: 
SMS READ NEW.
IDX RECV:0
NO SMS IDX.
AFTER SEND LOCATION.
TRACK MODE ACTIVE.
IN ISR.
IN ISR.

IN ISR.
IN ISR.
AT+CBC

+CBC: 0,98,4175

OK
IN ISR.
IN ISR.
AT+CBC

+CBC: 0,97,4168

OK
IN ISR.
IN ISR.
AT+CBC

+CBC: 0,97,4168

OK
IN ISR.
IN ISR.
AT+CBC

+CBC: 0,97,4168

OK
SMS GETTING INDEX.

SMS IDX: 0SMS FROM: 
SMS READ NEW.
IDX RECV:0
NO SMS IDX.
AFTER SEND LOCATION.
TRACK MODE ACTIVE.
IN ISR.
IN ISR.

IN ISR.
IN ISR.
AT+CBC

+CBC: 0,97,4168

OK
IN ISR.
IN ISR.
AT+CBC

+CBC: 0,97,4168

OK
IN ISR.
IN ISR.
AT+CBC

+CBC: 0,97,4168

OK
IN ISR.
IN ISR.
AT+CBC

+CBC: 0,97,4168

OK
SMS GETTING INDEX.

SMS IDX: 0SMS FROM: 
SMS READ NEW.
IDX RECV:0
NO SMS IDX.
AFTER SEND LOCATION.
TRACK MODE ACTIVE.
IN ISR.
IN ISR.

IN ISR.
IN ISR.
AT+CBC

+CBC: 0,97,4168

OK
IN ISR.
IN ISR.
AT+CBC

+CBC: 0,97,4168

OK
IN ISR.
IN ISR.
AT+CBC

+CBC: 0,97,4168

OK
IN ISR.
IN ISR.
AT+CBC

+CBC: 0,97,4168

OK
SMS GETTING INDEX.

SMS IDX: 0SMS FROM: 
SMS READ NEW.
IDX RECV:0
NO SMS IDX.
IN ISR.
IN ISR.

IN ISR.
IN ISR.
AT+CBC

+CBC: 0,97,4168

OK
SENT LOCATION REGULAR.AFTER SEND LOCATION.
TRACK MODE ACTIVE.
IN ISR.
IN ISR.
AT+CBC

+CBC: 0,97,4168

OK
IN ISR.
IN ISR.
AT+CBC

+CBC: 0,97,4168

OK
IN ISR.
IN ISR.
AT+CBC

+CBC: 0,97,4168

OK
IN ISR.
IN ISR.
AT+CBC

+CBC: 0,97,4162

OK
IN ISR.
IN ISR.
AT+CBC

+CBC: 0,97,4168

OK
SMS GETTING INDEX.

SMS IDX: 0SMS FROM: 
SMS READ NEW.
IDX RECV:0
NO SMS IDX.
AFTER SEND LOCATION.
TRACK MODE ACTIVE.
IN ISR.
IN ISR.

IN ISR.
IN ISR.
AT+CBC

+CBC: 0,97,4168

OK
IN ISR.
IN ISR.
AT+CBC

+CBC: 0,97,4168

OK
IN ISR.
IN ISR.
AT+CBC

+CBC: 0,97,4168

OK
IN ISR.
IN ISR.
AT+CBC

+CBC: 0,97,4168

OK
SMS GETTING INDEX.
IN ISR.

SMS IDX: 0SMS FROM: 
SMS READ NEW.
IDX RECV:0
NO SMS IDX.
AFTER SEND LOCATION.
TRACK MODE ACTIVE.
IN ISR.

IN ISR.
IN ISR.
AT+CBC

+CBC: 0,97,4168

OK
IN ISR.
IN ISR.
AT+CBC

+CBC: 0,97,4168

OK
IN ISR.
IN ISR.
AT+CBC

+CBC: 0,97,4168

OK
IN ISR.
IN ISR.
AT+CBC

+CBC: 0,95,4142

OK
IN ISR.
SMS GETTING INDEX.

SMS IDX: 0SMS FROM: 
SMS READ NEW.
IDX RECV:0
NO SMS IDX.
AFTER SEND LOCATION.
TRACK MODE ACTIVE.
IN ISR.

IN ISR.
IN ISR.
AT+CBC

+CBC: 0,97,4168

OK
IN ISR.
IN ISR.
AT+CBC

+CBC: 0,97,4168

OK
IN ISR.
IN ISR.
AT+CBC

+CBC: 0,97,4168

OK
IN ISR.
IN ISR.
AT+CBC

+CBC: 0,97,4168

OK
IN ISR.
SMS GETTING INDEX.

SMS IDX: 0SMS FROM: 
SMS READ NEW.
IDX RECV:0
NO SMS IDX.
AFTER SEND LOCATION.
TRACK MODE ACTIVE.
IN ISR.

IN ISR.
IN ISR.
AT+CBC

+CBC: 0,96,4155

OK
IN ISR.
IN ISR.
AT+CBC

+CBC: 0,97,4168

OK
IN ISR.
IN ISR.
AT+CBC

+CBC: 0,97,4168

OK
IN ISR.
IN ISR.
AT+CBC

+CBC: 0,97,4168

OK
IN ISR.
SMS GETTING INDEX.

SMS IDX: 0SMS FROM: 
SMS READ NEW.
IDX RECV:0
NO SMS IDX.
IN ISR.

IN ISR.
IN ISR.
AT+CBC

+CBC: 0,97,4168

OK
IN ISR.
SENT LOCATION REGULAR.AFTER SEND LOCATION.
TRACK MODE ACTIVE.
IN ISR.
AT+CBC

+CBC: 0,96,4155

OK
IN ISR.
IN ISR.
AT+CBC

+CBC: 0,97,4168

OK
IN ISR.
SMS GETTING INDEX.

SMS IDX: 0SMS FROM: 
SMS READ NEW.
IDX RECV:0
NO SMS IDX.
AFTER SEND LOCATION.
TRACK MODE ACTIVE.
IN ISR.
IN ISR.

IN ISR.
IN ISR.
AT+CBC

+CBC: 0,97,4168

OK
IN ISR.
IN ISR.
AT+CBC

+CBC: 0,97,4162

OK
IN ISR.
IN ISR.
AT+CBC

+CBC: 0,97,4168

OK
IN ISR.
IN ISR.
AT+CBC

+CBC: 0,97,4168

OK
SMS GETTING INDEX.

SMS IDX: 0SMS FROM: 
SMS READ NEW.
IDX RECV:0
NO SMS IDX.
AFTER SEND LOCATION.
TRACK MODE ACTIVE.
IN ISR.
IN ISR.

IN ISR.
IN ISR.
AT+CBC

+CBC: 0,97,4162

OK
IN ISR.
IN ISR.
AT+CBC

+CBC: 0,97,4162

OK

+CMTI: "SM",5
IN ISR.
IN ISR.
AT+CBC

+CBC: 0,97,4162

OK
IN ISR.
IN ISR.
AT+CBC

+CBC: 0,97,4162

OK
SMS GETTING INDEX.

SMS IDX: 5SMS FROM: "+79655766572"
SMS READ NEW.
IDX RECV:5
Conf GPRS.
IN ISR.
SET APN.
Conf GSM.
PIN OK, GSM OK.
IN ISR.
,1

OK
Conf GPRS.
SET APN.
IN ISR.
IN ISR.
ÿGPRS UP.
SMS GETTING INDEX.

SMS IDX: 0SMS FROM: 
SMS READ NEW.
IDX RECV:0
NO SMS IDX.
AFTER SEND LOCATION.
TRACK MODE ACTIVE.
IN ISR.
IN ISR.

IN ISR.
IN ISR.
AT+CBC

+CBC: 0,97,4162

OK
IN ISR.
IN ISR.
AT+CBC

+CBC: 0,97,4162

OK
IN ISR.
IN ISR.
AT+CBC

+CBC: 0,97,4162

OK
IN ISR.
IN ISR.
AT+CBC

+CBC: 0,97,4162

OK
SMS GETTING INDEX.

SMS IDX: 0SMS FROM: 
SMS READ NEW.
IDX RECV:0
NO SMS IDX.
AFTER SEND LOCATION.
TRACK MODE ACTIVE.
IN ISR.
IN ISR.

IN ISR.
IN ISR.
AT+CBC

+CBC: 0,97,4162

OK
IN ISR.
IN ISR.
AT+CBC

+CBC: 0,97,4162

OK
IN ISR.
IN ISR.
AT+CBC

+CBC: 0,97,4162

OK
IN ISR.
IN ISR.
AT+CBC

+CBC: 0,97,4162

OK
IN ISR.
SMS GETTING INDEX.

SMS IDX: 0SMS FROM: 
SMS READ NEW.
IDX RECV:0
NO SMS IDX.
AFTER SEND LOCATION.
TRACK MODE ACTIVE.
SMS GETTING INDEX.

SMS IDX: 0SMS FROM: 
SMS READ NEW.
IDX RECV:0
NO SMS IDX.
AFTER SEND LOCATION.
TRACK MODE ACTIVE.
IN ISR.
IN ISR.

IN ISR.
IN ISR.
AT+CBC

+CBC: 0,96,4149

OK
IN ISR.
IN ISR.
AT+CBC

+CBC: 0,96,4149

OK
IN ISR.
IN ISR.
AT+CBC

+CBC: 0,96,4149

OK
IN ISR.
IN ISR.
AT+CBC

+CBC: 0,96,4149

OK

+CMTI: "SM",6
SMS GETTING INDEX.

SMS IDX: 6SMS FROM: "+79655766572"
SMS READ NEW.
IDX RECV:6
IN ISR.
Conf GPRS.
SET APN.
Conf GSM.
PIN OK, GSM OK.
IN ISR.
,1

OK
Conf GPRS.
SET APN.
IN ISR.
IN ISR.
ÿGPRS UP.
SMS GETTING INDEX.

SMS IDX: 0SMS FROM: 
SMS READ NEW.
IDX RECV:0
NO SMS IDX.
AFTER SEND LOCATION.
TRACK MODE ACTIVE.
IN ISR.
IN ISR.

IN ISR.
SET APN.
IN ISR.
GPRS UP.
IN ISR.

SMS GETTING INDEX.

SMS IDX: 0SMS FROM: 
SMS READ NEW.
IDX RECV:0NO SMS IDX.
AFTER SEND LOCATION.
TRACK MODE ACTIVE.
IN ISR.
IN ISR.

IN ISR.
IN ISR.
AT+CBC

+CBC: 2,100,4221

OK
IN ISR.
IN ISR.
AT+CBC

+CBC: 2,100,4221

OK
IN ISR.
IN ISR.
AT+CBC

+CBC: 2,100,4221

OK
IN ISR.
IN ISR.
AT+CBC

+CBC: 2,100,4227

OK
SMS GETTING INDEX.

SMS IDX: 0SMS FROM: 
SMS READ NEW.
IDX RECV:0NO SMS IDX.
AFTER SEND LOCATION.
TRACK MODE ACTIVE.
IN ISR.
IN ISR.

IN ISR.
IN ISR.
AT+CBC

+CBC: 2,100,4227

OK

+CMTI: "SM",7
IN ISR.
IN ISR.
AT+CBC

+CBC: 2,100,4221

OK
IN ISR.
IN ISR.
AT+CBC

+CBC: 2,100,4221

OK
IN ISR.
IN ISR.
AT+CBC

+CBC: 2,100,4221

OK
SMS GETTING INDEX.
IN ISR.

SMS IDX: 7SMS FROM: "+79655766572"
SMS READ NEW.
IDX RECV:7COND IS OK, READ MSG.
Conf GPRS.
SET APN.
IN ISR.
Conf GSM.
PIN OK, GSM OK.
IN ISR.
,1

OK
Conf GPRS.
SET APN.
IN ISR.
IN ISR.
ÿGPRS UP.
SMS GETTING INDEX.

SMS IDX: 0SMS FROM: 
SMS READ NEW.
IDX RECV:0NO SMS IDX.
AFTER SEND LOCATION.
TRACK MODE ACTIVE.
IN ISR.
IN ISR.

IN ISR.
IN ISR.
AT+CBC

+CBC: 2,100,4221

OK
IN ISR.
IN ISR.
AT+CBC

+CBC: 2,100,4221

OK
IN ISR.
IN ISR.
AT+CBC

+CBC: 2,100,4221

OK
IN ISR.
IN ISR.
AT+CBC

+CBC: 2,100,4221

OK
SMS GETTING INDEX.

SMS IDX: 0SMS FROM: 
SMS READ NEW.
IDX RECV:0NO SMS IDX.
AFTER SEND LOCATION.
TRACK MODE ACTIVE.
IN ISR.
IN ISR.

IN ISR.
IN ISR.
AT+CBC

+CBC: 2,100,4221

OK

+CREG: 1
IN ISR.
IN ISR.
AT+CBC

+CBC: 2,100,4221

OK
IN ISR.
IN ISR.
AT+CBC

+CBC: 2,100,4221

OK
IN ISR.
IN ISR.
AT+CBC

+CBC: 2,100,4221

OK
IN ISR.
SMS GETTING INDEX.

SMS IDX: 0SMS FROM: 
SMS READ NEW.
IDX RECV:0NO SMS IDX.
AFTER SEND LOCATION.
TRACK MODE ACTIVE.
IN ISR.

IN ISR.
IN ISR.
AT+CBC

+CBC: 2,100,4221

OK
IN ISR.
IN ISR.
AT+CBC

+CBC: 2,100,4221

OK
IN ISR.
IN ISR.
AT+CBC

+CBC: 2,100,4221

OK
IN ISR.
IN ISR.
AT+CBC

+CBC: 2,100,4221

OK
IN ISR.
Conf GPRS.
SET APN.
IN ISR.
IN ISR.
ÿGPRS UP.
SMS GETTING INDEX.

SMS IDX: 0SMS FROM: 
SMS READ NEW.
IDX RECV:0NO SMS IDX.
AFTER SEND LOCATION.
TRACK MODE ACTIVE.
IN ISR.
IN ISR.

IN ISR.
IN ISR.
AT+CBC

+CBC: 2,97,4168

OK
IN ISR.
IN ISR.
AT+CBC

+CBC: 2,97,4162

OK
IN ISR.
IN ISR.
AT+CBC

+CBC: 2,97,4168

OK

+CMTI: "SM",1
IN ISR.
IN ISR.
AT+CBC

+CBC: 2,97,4168

OK
SMS GETTING INDEX.
IN ISR.

SMS IDX: 1SMS FROM: "+79655766572"
SMS READ NEW.
IDX RECV:1COND IS OK, READ MSG.
BEFORE READ MSG.
READ INC MSG.
IN ISR.
Conf GSM.
PIN OK, GSM OK.
IN ISR.
,1

OK
Conf GPRS.
SET APN.
IN ISR.
IN ISR.
ÿGPRS UP.
SMS GETTING INDEX.

SMS IDX: 0SMS FROM: 
SMS READ NEW.
IDX RECV:0NO SMS IDX.
AFTER SEND LOCATION.
TRACK MODE ACTIVE.
IN ISR.
SET APN.
IN ISR.
GPRS UP.
SMS GETTING INDEX.
IN ISR.
ÿ
SMS IDX: 0SMS FROM: 
SMS READ NEW.
IDX RECV:0NO SMS IDX.
AFTER SEND LOCATION.
TRACK MODE ACTIVE.
IN ISR.
IN ISR.

IN ISR.
IN ISR.
AT+CBC

+CBC: 2,100,4221

OK
IN ISR.
IN ISR.
AT+CBC

+CBC: 2,100,4221

OK

+CMTI: "SM",2
IN ISR.
IN ISR.
AT+CBC

+CBC: 2,100,4221

OK
IN ISR.
IN ISR.
AT+CBC

+CBC: 2,100,4221

OK
SMS GETTING INDEX.

SMS IDX: 2SMS FROM: "+79655766572"
SMS READ NEW.
IDX RECV:2COND IS OK, READ MSG.
BEFORE READ MSG.
READ INC MSG.
UART BUFF CLEAR.
READS NOW.
1 ITER.
READS NOW.
2 ITER.
READS NOW.
3 ITER.
READS NOW.
4 ITER.
READS NOW.
5 ITER.
READS NOW.
6 ITER.
READS NOW.
7 ITER.
READS NOW.
8 ITER.
READS NOW.
9 ITER.
READS NOW.
10 ITER.
READS NOW.
11 ITER.
READS NOW.
12 ITER.
READS NOW.
13 ITER.
READS NOW.
14 ITER.
READS NOW.
15 ITER.
READS NOW.
16 ITER.
READS NOW.
17 ITER.
READS NOW.
18 ITER.
READS NOW.
19 ITER.
READS NOW.
20 ITER.
READS NOW.
21 ITER.
READS NOW.
22 ITER.
READS NOW.
23 ITER.
READS NOW.
24 ITER.
READS NOW.
25 ITER.
READS NOW.
26 ITER.
READS NOW.
27 ITER.
READS NOW.
28 ITER.
READS NOW.
29 ITER.
READS NOW.
30 ITER.
READS NOW.
31 ITER.
IN ISR.
 "REC READ","+79655766572","","5,,:05:13+20"
GL

OK: "REC READ","+79655766572","","17/04/24,02,"SM","SM"
+CMGL="REC UNREAD", 0
+CMGR=1

+CMGF=1
+CPMS="SM"Conf GSM.
PIN OK, GSM OK.
IN ISR.
,1

OK
Conf GPRS.
SET APN.
IN ISR.
