IN ISR.
\0xffNO CMD.
IN ISR.
\0xffIN ISR.
\0xffNO CMD.
IN ISR.
\0xffIN ISR.
\0xffNO CMD.
IN ISR.
\0xffIN ISR.
\0xffNO CMD.
IN ISR.
\0xff11
IN ISR.
\0xffNO CMD.
GPRS UP.
IN ISR.

IN ISR.
\0xffNO CMD.
IN ISR.
\0xffIN ISR.
\0xffNO CMD.
SENT LOCATION REGULAR.
TRACK MODE ENABLED.
IN ISR.
\0xffIN ISR.
\0xffNO CMD.
IN ISR.
\0xffIN ISR.
\0xffNO CMD.
IN ISR.

+CMTI: "SM",3

+CMTI: "SM",3

IDX RECV:3
4
3
 READ MSG.
BEFORE.
IN ISR.
AT+CMGR=3

+CMGR: "REC UNREAD","+79655766572","","17/04/29,01NO CMD.
IN ISR.
\0xffIDX RECV:3
4
3
 READ MSG.
BEFORE.
IN ISR.
AT+CMGR=3

+CMGR: "REC READ","+79655766572","","17/04/29,01:2NO CMD.
IN ISR.
\0xffIDX RECV:3
4
3
 READ MSG.
BEFORE.
IN ISR.
AT+CMGR=3

+CMGR: "REC READ","+79655766572","","17/04/29,01:2NO CMD.
IN ISR.
\0xffIDX RECV:3
4
3
 READ MSG.
BEFORE.
IN ISR.
AT+CMGR=3

+CMGR: "REC READ","+79655766572","","17/04/29,01:2NO CMD.
IN ISR.
\0xffIDX RECV:3
4
3
 READ MSG.
BEFORE.
IN ISR.
AT+CMGR=3

+CMGR: "REC READ","+79655766572","","17/04/29,01:2NO CMD.
SENT LOCATION REGULAR.
TRACK MODE ENABLED.
IN ISR.
\0xffIDX RECV:3
4
3
 READ MSG.
BEFORE.
IN ISR.
AT+CMGR=3

+CMGR: "REC READ","+79655766572","","17/04/29,01:2NO CMD.
IN ISR.
\0xffIDX RECV:3
4
3
 READ MSG.
BEFORE.
IN ISR.
AT+CMGR=3

+CMGR: "REC READ","+79655766572","","17/04/29,01:2NO CMD.
IN ISR.
\0xffIDX RECV:3
4
3
 READ MSG.
BEFORE.
IN ISR.
AT+CMGR=3

+CMGR: "REC READ","+79655766572","","17/04/29,01:2NO CMD.
IN ISR.
\0xffIDX RECV:3
4
3
 READ MSG.
BEFORE.
IN ISR.
AT+CMGR=3

+CMGR: "REC READ","+79655766572","","17/04/29,01:2NO CMD.
IN ISR.
\0xffIDX RECV:3
4
3
 READ MSG.
BEFORE.
IN ISR.
AT+CMGR=3

+CMGR: "REC READ","+79655766572","","17/04/29,01:2NO CMD.
IN ISR.
\0xffIDX RECV:3
4
3
 READ MSG.
BEFORE.
IN ISR.
AT+CMGR=3

+CMGR: "REC READ","+79655766572","","17/04/29,01:2NO CMD.
IN ISR.
\0xffIDX RECV:3
4
3
 READ MSG.
BEFORE.
IN ISR.
AT+CMGR=3

+CMGR: "REC READ","+79655766572","","17/04/29,01:2NO CMD.
SENT LOCATION REGULAR.
TRACK MODE ENABLED.
IN ISR.
\0xffIDX RECV:3
4
3
 READ MSG.
BEFORE.
IN ISR.
AT+CMGR=3

+CMGR: "REC READ","+79655766572","","17/04/29,01:2NO CMD.
IN ISR.
\0xffIDX RECV:3
4
3
 READ MSG.
BEFORE.
IN ISR.
AT+CMGR=3

+CMGR: "REC READ","+79655766572","","17/04/29,01:2NO CMD.
IN ISR.
\0xffIDX RECV:3
4
3
 READ MSG.
BEFORE.
IN ISR.
AT+CMGR=3

+CMGR: "REC READ","+79655766572","","17/04/29,01:2NO CMD.
IN ISR.
\0xffIDX RECV:3
4
3
 READ MSG.
BEFORE.
IN ISR.
AT+CMGR=3

+CMGR: "REC READ","+79655766572","","17/04/29,01:2NO CMD.
IN ISR.
\0xffIDX RECV:3
4
3
 READ MSG.
BEFORE.
IN ISR.
AT+CMGR=3

+CMGR: "REC READ","+79655766572","","17/04/29,01:2NO CMD.
IN ISR.
\0xffIDX RECV:3
4
3
 READ MSG.
BEFORE.

